Analysis & Synthesis report for FM10_TOP
Tue Feb 06 11:42:49 2018
Quartus Prime Version 16.1.0 Build 196 10/24/2016 SJ Lite Edition


---------------------
; Table of Contents ;
---------------------
  1. Legal Notice
  2. Analysis & Synthesis Summary
  3. Analysis & Synthesis Settings
  4. Parallel Compilation
  5. Analysis & Synthesis Source Files Read
  6. Analysis & Synthesis Resource Usage Summary
  7. Analysis & Synthesis Resource Utilization by Entity
  8. General Register Statistics
  9. Post-Synthesis Netlist Statistics for Top Partition
 10. Elapsed Time Per Partition
 11. Analysis & Synthesis Messages



----------------
; Legal Notice ;
----------------
Copyright (C) 2016  Intel Corporation. All rights reserved.
Your use of Intel Corporation's design tools, logic functions 
and other software and tools, and its AMPP partner logic 
functions, and any output files from any of the foregoing 
(including device programming or simulation files), and any 
associated documentation or information are expressly subject 
to the terms and conditions of the Intel Program License 
Subscription Agreement, the Intel Quartus Prime License Agreement,
the Intel MegaCore Function License Agreement, or other 
applicable license agreement, including, without limitation, 
that your use is for the sole purpose of programming logic 
devices manufactured by Intel and sold by Intel or its 
authorized distributors.  Please refer to the applicable 
agreement for further details.



+----------------------------------------------------------------------------------+
; Analysis & Synthesis Summary                                                     ;
+------------------------------------+---------------------------------------------+
; Analysis & Synthesis Status        ; Successful - Tue Feb 06 11:42:48 2018       ;
; Quartus Prime Version              ; 16.1.0 Build 196 10/24/2016 SJ Lite Edition ;
; Revision Name                      ; FM10_TOP                                    ;
; Top-level Entity Name              ; FM10_TOP                                    ;
; Family                             ; MAX 10                                      ;
; Total logic elements               ; 1                                           ;
;     Total combinational functions  ; 1                                           ;
;     Dedicated logic registers      ; 1                                           ;
; Total registers                    ; 1                                           ;
; Total pins                         ; 52                                          ;
; Total virtual pins                 ; 0                                           ;
; Total memory bits                  ; 0                                           ;
; Embedded Multiplier 9-bit elements ; 0                                           ;
; Total PLLs                         ; 0                                           ;
; UFM blocks                         ; 0                                           ;
; ADC blocks                         ; 0                                           ;
+------------------------------------+---------------------------------------------+


+----------------------------------------------------------------------------------------------------------------------+
; Analysis & Synthesis Settings                                                                                        ;
+----------------------------------------------------------------------------+--------------------+--------------------+
; Option                                                                     ; Setting            ; Default Value      ;
+----------------------------------------------------------------------------+--------------------+--------------------+
; Device                                                                     ; 10M25SAE144C8G     ;                    ;
; Top-level entity name                                                      ; FM10_TOP           ; FM10_TOP           ;
; Family name                                                                ; MAX 10             ; Cyclone V          ;
; Use smart compilation                                                      ; Off                ; Off                ;
; Enable parallel Assembler and TimeQuest Timing Analyzer during compilation ; On                 ; On                 ;
; Enable compact report table                                                ; Off                ; Off                ;
; Restructure Multiplexers                                                   ; Auto               ; Auto               ;
; Create Debugging Nodes for IP Cores                                        ; Off                ; Off                ;
; Preserve fewer node names                                                  ; On                 ; On                 ;
; OpenCore Plus hardware evaluation                                          ; Enable             ; Enable             ;
; Verilog Version                                                            ; Verilog_2001       ; Verilog_2001       ;
; VHDL Version                                                               ; VHDL_1993          ; VHDL_1993          ;
; State Machine Processing                                                   ; Auto               ; Auto               ;
; Safe State Machine                                                         ; Off                ; Off                ;
; Extract Verilog State Machines                                             ; On                 ; On                 ;
; Extract VHDL State Machines                                                ; On                 ; On                 ;
; Ignore Verilog initial constructs                                          ; Off                ; Off                ;
; Iteration limit for constant Verilog loops                                 ; 5000               ; 5000               ;
; Iteration limit for non-constant Verilog loops                             ; 250                ; 250                ;
; Add Pass-Through Logic to Inferred RAMs                                    ; On                 ; On                 ;
; Infer RAMs from Raw Logic                                                  ; On                 ; On                 ;
; Parallel Synthesis                                                         ; On                 ; On                 ;
; DSP Block Balancing                                                        ; Auto               ; Auto               ;
; NOT Gate Push-Back                                                         ; On                 ; On                 ;
; Power-Up Don't Care                                                        ; On                 ; On                 ;
; Remove Redundant Logic Cells                                               ; Off                ; Off                ;
; Remove Duplicate Registers                                                 ; On                 ; On                 ;
; Ignore CARRY Buffers                                                       ; Off                ; Off                ;
; Ignore CASCADE Buffers                                                     ; Off                ; Off                ;
; Ignore GLOBAL Buffers                                                      ; Off                ; Off                ;
; Ignore ROW GLOBAL Buffers                                                  ; Off                ; Off                ;
; Ignore LCELL Buffers                                                       ; Off                ; Off                ;
; Ignore SOFT Buffers                                                        ; On                 ; On                 ;
; Limit AHDL Integers to 32 Bits                                             ; Off                ; Off                ;
; Optimization Technique                                                     ; Balanced           ; Balanced           ;
; Carry Chain Length                                                         ; 70                 ; 70                 ;
; Auto Carry Chains                                                          ; On                 ; On                 ;
; Auto Open-Drain Pins                                                       ; On                 ; On                 ;
; Perform WYSIWYG Primitive Resynthesis                                      ; Off                ; Off                ;
; Auto ROM Replacement                                                       ; On                 ; On                 ;
; Auto RAM Replacement                                                       ; On                 ; On                 ;
; Auto DSP Block Replacement                                                 ; On                 ; On                 ;
; Auto Shift Register Replacement                                            ; Auto               ; Auto               ;
; Allow Shift Register Merging across Hierarchies                            ; Auto               ; Auto               ;
; Auto Clock Enable Replacement                                              ; On                 ; On                 ;
; Strict RAM Replacement                                                     ; Off                ; Off                ;
; Allow Synchronous Control Signals                                          ; On                 ; On                 ;
; Force Use of Synchronous Clear Signals                                     ; Off                ; Off                ;
; Auto RAM Block Balancing                                                   ; On                 ; On                 ;
; Auto RAM to Logic Cell Conversion                                          ; Off                ; Off                ;
; Auto Resource Sharing                                                      ; Off                ; Off                ;
; Allow Any RAM Size For Recognition                                         ; Off                ; Off                ;
; Allow Any ROM Size For Recognition                                         ; Off                ; Off                ;
; Allow Any Shift Register Size For Recognition                              ; Off                ; Off                ;
; Use LogicLock Constraints during Resource Balancing                        ; On                 ; On                 ;
; Ignore translate_off and synthesis_off directives                          ; Off                ; Off                ;
; Timing-Driven Synthesis                                                    ; On                 ; On                 ;
; Report Parameter Settings                                                  ; On                 ; On                 ;
; Report Source Assignments                                                  ; On                 ; On                 ;
; Report Connectivity Checks                                                 ; On                 ; On                 ;
; Ignore Maximum Fan-Out Assignments                                         ; Off                ; Off                ;
; Synchronization Register Chain Length                                      ; 2                  ; 2                  ;
; PowerPlay Power Optimization During Synthesis                              ; Normal compilation ; Normal compilation ;
; HDL message level                                                          ; Level2             ; Level2             ;
; Suppress Register Optimization Related Messages                            ; Off                ; Off                ;
; Number of Removed Registers Reported in Synthesis Report                   ; 5000               ; 5000               ;
; Number of Swept Nodes Reported in Synthesis Report                         ; 5000               ; 5000               ;
; Number of Inverted Registers Reported in Synthesis Report                  ; 100                ; 100                ;
; Clock MUX Protection                                                       ; On                 ; On                 ;
; Auto Gated Clock Conversion                                                ; Off                ; Off                ;
; Block Design Naming                                                        ; Auto               ; Auto               ;
; SDC constraint protection                                                  ; Off                ; Off                ;
; Synthesis Effort                                                           ; Auto               ; Auto               ;
; Shift Register Replacement - Allow Asynchronous Clear Signal               ; On                 ; On                 ;
; Pre-Mapping Resynthesis Optimization                                       ; Off                ; Off                ;
; Analysis & Synthesis Message Level                                         ; Medium             ; Medium             ;
; Disable Register Merging Across Hierarchies                                ; Auto               ; Auto               ;
; Resource Aware Inference For Block RAM                                     ; On                 ; On                 ;
+----------------------------------------------------------------------------+--------------------+--------------------+


+------------------------------------------+
; Parallel Compilation                     ;
+----------------------------+-------------+
; Processors                 ; Number      ;
+----------------------------+-------------+
; Number detected on machine ; 4           ;
; Maximum allowed            ; 4           ;
;                            ;             ;
; Average used               ; 1.00        ;
; Maximum used               ; 1           ;
;                            ;             ;
; Usage by Processor         ; % Time Used ;
;     Processor 1            ; 100.0%      ;
+----------------------------+-------------+


+---------------------------------------------------------------------------------------------------------------------------------------+
; Analysis & Synthesis Source Files Read                                                                                                ;
+----------------------------------+-----------------+-----------------+------------------------------------------------------+---------+
; File Name with User-Entered Path ; Used in Netlist ; File Type       ; File Name with Absolute Path                         ; Library ;
+----------------------------------+-----------------+-----------------+------------------------------------------------------+---------+
; ../rtl/FM10_top.vhd              ; yes             ; User VHDL File  ; Y:/Documents/GitHub/ioNeurons_Drone/rtl/FM10_top.vhd ;         ;
+----------------------------------+-----------------+-----------------+------------------------------------------------------+---------+


+----------------------------------------------------------+
; Analysis & Synthesis Resource Usage Summary              ;
+---------------------------------------------+------------+
; Resource                                    ; Usage      ;
+---------------------------------------------+------------+
; Estimated Total logic elements              ; 1          ;
;                                             ;            ;
; Total combinational functions               ; 1          ;
; Logic element usage by number of LUT inputs ;            ;
;     -- 4 input functions                    ; 0          ;
;     -- 3 input functions                    ; 0          ;
;     -- <=2 input functions                  ; 1          ;
;                                             ;            ;
; Logic elements by mode                      ;            ;
;     -- normal mode                          ; 1          ;
;     -- arithmetic mode                      ; 0          ;
;                                             ;            ;
; Total registers                             ; 1          ;
;     -- Dedicated logic registers            ; 1          ;
;     -- I/O registers                        ; 0          ;
;                                             ;            ;
; I/O pins                                    ; 52         ;
;                                             ;            ;
; Embedded Multiplier 9-bit elements          ; 0          ;
;                                             ;            ;
; Maximum fan-out node                        ; tb8~output ;
; Maximum fan-out                             ; 1          ;
; Total fan-out                               ; 101        ;
; Average fan-out                             ; 0.67       ;
+---------------------------------------------+------------+


+------------------------------------------------------------------------------------------------------------------------------------------------------------------------------------------------------------------------------------+
; Analysis & Synthesis Resource Utilization by Entity                                                                                                                                                                                ;
+----------------------------+---------------------+---------------------------+-------------+------------+--------------+---------+-----------+------+--------------+------------+---------------------+-------------+--------------+
; Compilation Hierarchy Node ; Combinational ALUTs ; Dedicated Logic Registers ; Memory Bits ; UFM Blocks ; DSP Elements ; DSP 9x9 ; DSP 18x18 ; Pins ; Virtual Pins ; ADC blocks ; Full Hierarchy Name ; Entity Name ; Library Name ;
+----------------------------+---------------------+---------------------------+-------------+------------+--------------+---------+-----------+------+--------------+------------+---------------------+-------------+--------------+
; |FM10_TOP                  ; 1 (1)               ; 1 (1)                     ; 0           ; 0          ; 0            ; 0       ; 0         ; 52   ; 0            ; 0          ; |FM10_TOP           ; FM10_TOP    ; work         ;
+----------------------------+---------------------+---------------------------+-------------+------------+--------------+---------+-----------+------+--------------+------------+---------------------+-------------+--------------+
Note: For table entries with two numbers listed, the numbers in parentheses indicate the number of resources of the given type used by the specific entity alone. The numbers listed outside of parentheses indicate the total resources of the given type used by the specific entity and all of its sub-entities in the hierarchy.


+------------------------------------------------------+
; General Register Statistics                          ;
+----------------------------------------------+-------+
; Statistic                                    ; Value ;
+----------------------------------------------+-------+
; Total registers                              ; 1     ;
; Number of registers using Synchronous Clear  ; 0     ;
; Number of registers using Synchronous Load   ; 0     ;
; Number of registers using Asynchronous Clear ; 0     ;
; Number of registers using Asynchronous Load  ; 0     ;
; Number of registers using Clock Enable       ; 0     ;
; Number of registers using Preset             ; 0     ;
+----------------------------------------------+-------+


+-----------------------------------------------------+
; Post-Synthesis Netlist Statistics for Top Partition ;
+-----------------------+-----------------------------+
; Type                  ; Count                       ;
+-----------------------+-----------------------------+
; boundary_port         ; 52                          ;
; cycloneiii_ff         ; 1                           ;
;     plain             ; 1                           ;
; cycloneiii_io_obuf    ; 45                          ;
; cycloneiii_lcell_comb ; 2                           ;
;     normal            ; 2                           ;
;         0 data inputs ; 1                           ;
;         1 data inputs ; 1                           ;
;                       ;                             ;
; Max LUT depth         ; 1.00                        ;
; Average LUT depth     ; 0.04                        ;
+-----------------------+-----------------------------+


+-------------------------------+
; Elapsed Time Per Partition    ;
+----------------+--------------+
; Partition Name ; Elapsed Time ;
+----------------+--------------+
; Top            ; 00:00:00     ;
+----------------+--------------+


+-------------------------------+
; Analysis & Synthesis Messages ;
+-------------------------------+
Info: *******************************************************************
Info: Running Quartus Prime Analysis & Synthesis
    Info: Version 16.1.0 Build 196 10/24/2016 SJ Lite Edition
    Info: Processing started: Tue Feb 06 11:42:36 2018
Info: Command: quartus_map --read_settings_files=on --write_settings_files=off FM10_TOP -c FM10_TOP
Warning (18236): Number of processors has not been specified which may cause overloading on shared machines.  Set the global assignment NUM_PARALLEL_PROCESSORS in your QSF to an appropriate value for best performance.
Info (20030): Parallel compilation is enabled and will use 4 of the 4 processors detected
Info (12021): Found 2 design units, including 1 entities, in source file /documents/github/ioneurons_drone/rtl/fm10_top.vhd
    Info (12022): Found design unit 1: FM10_TOP-rtl File: Y:/Documents/GitHub/ioNeurons_Drone/rtl/FM10_top.vhd Line: 120
    Info (12023): Found entity 1: FM10_TOP File: Y:/Documents/GitHub/ioNeurons_Drone/rtl/FM10_top.vhd Line: 23
Info (12127): Elaborating entity "FM10_TOP" for the top level hierarchy
Warning (10541): VHDL Signal Declaration warning at FM10_top.vhd(83): used implicit default value for signal "USB_UART_TX" because signal was never assigned a value or an explicit default value. Use of implicit default value may introduce unintended design optimizations. File: Y:/Documents/GitHub/ioNeurons_Drone/rtl/FM10_top.vhd Line: 83
Warning (10541): VHDL Signal Declaration warning at FM10_top.vhd(113): used implicit default value for signal "CAN_SHDN" because signal was never assigned a value or an explicit default value. Use of implicit default value may introduce unintended design optimizations. File: Y:/Documents/GitHub/ioNeurons_Drone/rtl/FM10_top.vhd Line: 113
Warning (10541): VHDL Signal Declaration warning at FM10_top.vhd(114): used implicit default value for signal "CAN_TXD" because signal was never assigned a value or an explicit default value. Use of implicit default value may introduce unintended design optimizations. File: Y:/Documents/GitHub/ioNeurons_Drone/rtl/FM10_top.vhd Line: 114
Warning (13034): The following nodes have both tri-state and non-tri-state drivers
    Warning (13035): Inserted always-enabled tri-state buffer between "t16_LED0" and its non-tri-state driver. File: Y:/Documents/GitHub/ioNeurons_Drone/rtl/FM10_top.vhd Line: 61
Warning (13039): The following bidirectional pins have no drivers
    Warning (13040): bidirectional pin "b18" has no driver File: Y:/Documents/GitHub/ioNeurons_Drone/rtl/FM10_top.vhd Line: 73
    Warning (13040): bidirectional pin "tb8" has no driver File: Y:/Documents/GitHub/ioNeurons_Drone/rtl/FM10_top.vhd Line: 54
    Warning (13040): bidirectional pin "tb9" has no driver File: Y:/Documents/GitHub/ioNeurons_Drone/rtl/FM10_top.vhd Line: 55
    Warning (13040): bidirectional pin "tb11" has no driver File: Y:/Documents/GitHub/ioNeurons_Drone/rtl/FM10_top.vhd Line: 56
    Warning (13040): bidirectional pin "tb17" has no driver File: Y:/Documents/GitHub/ioNeurons_Drone/rtl/FM10_top.vhd Line: 57
    Warning (13040): bidirectional pin "tb19" has no driver File: Y:/Documents/GitHub/ioNeurons_Drone/rtl/FM10_top.vhd Line: 58
    Warning (13040): bidirectional pin "t14" has no driver File: Y:/Documents/GitHub/ioNeurons_Drone/rtl/FM10_top.vhd Line: 60
    Warning (13040): bidirectional pin "t18" has no driver File: Y:/Documents/GitHub/ioNeurons_Drone/rtl/FM10_top.vhd Line: 62
    Warning (13040): bidirectional pin "t20" has no driver File: Y:/Documents/GitHub/ioNeurons_Drone/rtl/FM10_top.vhd Line: 63
    Warning (13040): bidirectional pin "t24" has no driver File: Y:/Documents/GitHub/ioNeurons_Drone/rtl/FM10_top.vhd Line: 64
    Warning (13040): bidirectional pin "t26" has no driver File: Y:/Documents/GitHub/ioNeurons_Drone/rtl/FM10_top.vhd Line: 65
    Warning (13040): bidirectional pin "t27" has no driver File: Y:/Documents/GitHub/ioNeurons_Drone/rtl/FM10_top.vhd Line: 66
    Warning (13040): bidirectional pin "t28" has no driver File: Y:/Documents/GitHub/ioNeurons_Drone/rtl/FM10_top.vhd Line: 67
    Warning (13040): bidirectional pin "t29" has no driver File: Y:/Documents/GitHub/ioNeurons_Drone/rtl/FM10_top.vhd Line: 68
    Warning (13040): bidirectional pin "t30" has no driver File: Y:/Documents/GitHub/ioNeurons_Drone/rtl/FM10_top.vhd Line: 69
    Warning (13040): bidirectional pin "b14" has no driver File: Y:/Documents/GitHub/ioNeurons_Drone/rtl/FM10_top.vhd Line: 71
    Warning (13040): bidirectional pin "b16" has no driver File: Y:/Documents/GitHub/ioNeurons_Drone/rtl/FM10_top.vhd Line: 72
    Warning (13040): bidirectional pin "b20" has no driver File: Y:/Documents/GitHub/ioNeurons_Drone/rtl/FM10_top.vhd Line: 74
    Warning (13040): bidirectional pin "b24" has no driver File: Y:/Documents/GitHub/ioNeurons_Drone/rtl/FM10_top.vhd Line: 75
    Warning (13040): bidirectional pin "b26" has no driver File: Y:/Documents/GitHub/ioNeurons_Drone/rtl/FM10_top.vhd Line: 76
    Warning (13040): bidirectional pin "b27" has no driver File: Y:/Documents/GitHub/ioNeurons_Drone/rtl/FM10_top.vhd Line: 77
    Warning (13040): bidirectional pin "b28" has no driver File: Y:/Documents/GitHub/ioNeurons_Drone/rtl/FM10_top.vhd Line: 78
    Warning (13040): bidirectional pin "b29" has no driver File: Y:/Documents/GitHub/ioNeurons_Drone/rtl/FM10_top.vhd Line: 79
    Warning (13040): bidirectional pin "b30" has no driver File: Y:/Documents/GitHub/ioNeurons_Drone/rtl/FM10_top.vhd Line: 80
    Warning (13040): bidirectional pin "FFC1" has no driver File: Y:/Documents/GitHub/ioNeurons_Drone/rtl/FM10_top.vhd Line: 87
    Warning (13040): bidirectional pin "FFC2" has no driver File: Y:/Documents/GitHub/ioNeurons_Drone/rtl/FM10_top.vhd Line: 88
    Warning (13040): bidirectional pin "FFC3" has no driver File: Y:/Documents/GitHub/ioNeurons_Drone/rtl/FM10_top.vhd Line: 89
    Warning (13040): bidirectional pin "FFC4" has no driver File: Y:/Documents/GitHub/ioNeurons_Drone/rtl/FM10_top.vhd Line: 90
    Warning (13040): bidirectional pin "FFC5" has no driver File: Y:/Documents/GitHub/ioNeurons_Drone/rtl/FM10_top.vhd Line: 91
    Warning (13040): bidirectional pin "FFC6" has no driver File: Y:/Documents/GitHub/ioNeurons_Drone/rtl/FM10_top.vhd Line: 92
    Warning (13040): bidirectional pin "FFC7" has no driver File: Y:/Documents/GitHub/ioNeurons_Drone/rtl/FM10_top.vhd Line: 93
    Warning (13040): bidirectional pin "FFC8" has no driver File: Y:/Documents/GitHub/ioNeurons_Drone/rtl/FM10_top.vhd Line: 94
    Warning (13040): bidirectional pin "FFC9" has no driver File: Y:/Documents/GitHub/ioNeurons_Drone/rtl/FM10_top.vhd Line: 95
    Warning (13040): bidirectional pin "FFC10" has no driver File: Y:/Documents/GitHub/ioNeurons_Drone/rtl/FM10_top.vhd Line: 96
    Warning (13040): bidirectional pin "FFC15" has no driver File: Y:/Documents/GitHub/ioNeurons_Drone/rtl/FM10_top.vhd Line: 101
    Warning (13040): bidirectional pin "FFC16" has no driver File: Y:/Documents/GitHub/ioNeurons_Drone/rtl/FM10_top.vhd Line: 102
    Warning (13040): bidirectional pin "FFC17" has no driver File: Y:/Documents/GitHub/ioNeurons_Drone/rtl/FM10_top.vhd Line: 103
    Warning (13040): bidirectional pin "FFC18" has no driver File: Y:/Documents/GitHub/ioNeurons_Drone/rtl/FM10_top.vhd Line: 104
    Warning (13040): bidirectional pin "FFC19" has no driver File: Y:/Documents/GitHub/ioNeurons_Drone/rtl/FM10_top.vhd Line: 105
    Warning (13040): bidirectional pin "FFC20" has no driver File: Y:/Documents/GitHub/ioNeurons_Drone/rtl/FM10_top.vhd Line: 106
    Warning (13040): bidirectional pin "FFC21" has no driver File: Y:/Documents/GitHub/ioNeurons_Drone/rtl/FM10_top.vhd Line: 107
    Warning (13040): bidirectional pin "FFC22" has no driver File: Y:/Documents/GitHub/ioNeurons_Drone/rtl/FM10_top.vhd Line: 108
    Warning (13040): bidirectional pin "FFC23" has no driver File: Y:/Documents/GitHub/ioNeurons_Drone/rtl/FM10_top.vhd Line: 109
    Warning (13040): bidirectional pin "FFC24" has no driver File: Y:/Documents/GitHub/ioNeurons_Drone/rtl/FM10_top.vhd Line: 110
Warning (13009): TRI or OPNDRN buffers permanently enabled
    Warning (13010): Node "t16_LED0~synth" File: Y:/Documents/GitHub/ioNeurons_Drone/rtl/FM10_top.vhd Line: 61
Warning (13024): Output pins are stuck at VCC or GND
    Warning (13410): Pin "USB_UART_TX" is stuck at GND File: Y:/Documents/GitHub/ioNeurons_Drone/rtl/FM10_top.vhd Line: 83
    Warning (13410): Pin "CAN_SHDN" is stuck at GND File: Y:/Documents/GitHub/ioNeurons_Drone/rtl/FM10_top.vhd Line: 113
    Warning (13410): Pin "CAN_TXD" is stuck at GND File: Y:/Documents/GitHub/ioNeurons_Drone/rtl/FM10_top.vhd Line: 114
Info (286030): Timing-Driven Synthesis is running
Info (16010): Generating hard_block partition "hard_block:auto_generated_inst"
    Info (16011): Adding 0 node(s), including 0 DDIO, 0 PLL, 0 transceiver and 0 LCELL
Warning (21074): Design contains 3 input pin(s) that do not drive logic
    Warning (15610): No output dependent on input pin "RST_N" File: Y:/Documents/GitHub/ioNeurons_Drone/rtl/FM10_top.vhd Line: 52
    Warning (15610): No output dependent on input pin "USB_UART_RX" File: Y:/Documents/GitHub/ioNeurons_Drone/rtl/FM10_top.vhd Line: 84
    Warning (15610): No output dependent on input pin "CAN_RXD" File: Y:/Documents/GitHub/ioNeurons_Drone/rtl/FM10_top.vhd Line: 115
Info (21057): Implemented 53 device resources after synthesis - the final resource count might be different
    Info (21058): Implemented 4 input pins
    Info (21059): Implemented 3 output pins
    Info (21060): Implemented 45 bidirectional pins
    Info (21061): Implemented 1 logic cells
Info: Quartus Prime Analysis & Synthesis was successful. 0 errors, 61 warnings
    Info: Peak virtual memory: 641 megabytes
    Info: Processing ended: Tue Feb 06 11:42:49 2018
    Info: Elapsed time: 00:00:13
    Info: Total CPU time (on all processors): 00:00:22


